<?xml version="1.0" encoding="UTF-8"?>
<testng-results skipped="0" failed="0" ignored="0" total="1" passed="1">
  <reporter-output>
  </reporter-output>
  <suite name="Default suite" duration-ms="122221" started-at="2020-10-03T17:42:02Z" finished-at="2020-10-03T17:44:04Z">
    <groups>
    </groups>
    <test name="Default test" duration-ms="122221" started-at="2020-10-03T17:42:02Z" finished-at="2020-10-03T17:44:04Z">
      <class name="com.naveen.runner.RunnerClass">
        <test-method status="PASS" signature="beforeRun()[pri:0, instance:com.naveen.runner.RunnerClass@5bcab519]" name="beforeRun" is-config="true" duration-ms="21567" started-at="2020-10-03T23:12:02Z" finished-at="2020-10-03T23:12:24Z">
          <reporter-output>
          </reporter-output>
        </test-method> <!-- beforeRun -->
        <test-method status="PASS" signature="test()[pri:0, instance:com.naveen.runner.RunnerClass@5bcab519]" name="test" duration-ms="91986" started-at="2020-10-03T23:12:24Z" finished-at="2020-10-03T23:13:56Z">
          <reporter-output>
          </reporter-output>
        </test-method> <!-- test -->
        <test-method status="PASS" signature="killServer()[pri:0, instance:com.naveen.runner.RunnerClass@5bcab519]" name="killServer" is-config="true" duration-ms="8658" started-at="2020-10-03T23:13:56Z" finished-at="2020-10-03T23:14:04Z">
          <reporter-output>
          </reporter-output>
        </test-method> <!-- killServer -->
      </class> <!-- com.naveen.runner.RunnerClass -->
    </test> <!-- Default test -->
  </suite> <!-- Default suite -->
</testng-results>
